2026-02-09 16:03:55,346 INFO o.a.j.u.JMeterUtils: Setting Locale to en_EN
2026-02-09 16:03:55,368 INFO o.a.j.JMeter: Loading user properties from: /opt/apache-jmeter-5.6.3/bin/user.properties
2026-02-09 16:03:55,368 INFO o.a.j.JMeter: Loading system properties from: /opt/apache-jmeter-5.6.3/bin/system.properties
2026-02-09 16:03:55,368 INFO o.a.j.JMeter: Setting JMeter property: java.awt.headless=true
2026-02-09 16:03:55,368 INFO o.a.j.JMeter: Setting System property: java.awt.headless=true
2026-02-09 16:03:55,368 INFO o.a.j.JMeter: Setting JMeter property: jmeter.reportgenerator.overall_granularity=60000
2026-02-09 16:03:55,368 INFO o.a.j.JMeter: Setting JMeter property: jmeter.reportgenerator.report_title=入学评测_5_list_20260209_160340
2026-02-09 16:03:55,369 INFO o.a.j.JMeter: Setting JMeter property: jmeter.save.saveservice.timestamp_format=yyyy/MM/dd HH:mm:ss
2026-02-09 16:03:55,369 INFO o.a.j.JMeter: Setting JMeter property: jmeter.reportgenerator.exporter.html.show_controllers_only=false
2026-02-09 16:03:55,369 INFO o.a.j.JMeter: Setting JMeter property: jmeter.reportgenerator.exporter.html.auto_size_images=true
2026-02-09 16:03:55,369 INFO o.a.j.JMeter: Setting JMeter property: jmeter.save.saveservice.output_format=csv
2026-02-09 16:03:55,369 INFO o.a.j.JMeter: Setting JMeter property: jmeter.save.saveservice.print_field_names=true
2026-02-09 16:03:55,369 INFO o.a.j.JMeter: Setting JMeter property: jmeter.reportgenerator.graph.responseTimeOverTime.enabled=true
2026-02-09 16:03:55,369 INFO o.a.j.JMeter: Setting JMeter property: jmeter.reportgenerator.graph.throughputOverTime.enabled=true
2026-02-09 16:03:55,369 INFO o.a.j.JMeter: Setting JMeter property: jmeter.reportgenerator.graph.responseCodesOverTime.enabled=true
2026-02-09 16:03:55,369 INFO o.a.j.JMeter: Setting JMeter property: jmeter.reportgenerator.graph.activeThreadsOverTime.enabled=true
2026-02-09 16:03:55,369 INFO o.a.j.JMeter: Setting JMeter property: jmeter.reportgenerator.graph.transactionsPerSecond.enabled=true
2026-02-09 16:03:55,369 INFO o.a.j.JMeter: Setting JMeter property: jmeter.reportgenerator.apdex_satisfied_threshold=500
2026-02-09 16:03:55,369 INFO o.a.j.JMeter: Setting JMeter property: jmeter.reportgenerator.apdex_tolerated_threshold=1500
2026-02-09 16:03:55,375 INFO o.a.j.JMeter: Copyright (c) 1998-2024 The Apache Software Foundation
2026-02-09 16:03:55,375 INFO o.a.j.JMeter: Version 5.6.3
2026-02-09 16:03:55,375 INFO o.a.j.JMeter: java.version=11.0.29
2026-02-09 16:03:55,375 INFO o.a.j.JMeter: java.vm.name=OpenJDK 64-Bit Server VM
2026-02-09 16:03:55,375 INFO o.a.j.JMeter: os.name=Linux
2026-02-09 16:03:55,375 INFO o.a.j.JMeter: os.arch=amd64
2026-02-09 16:03:55,375 INFO o.a.j.JMeter: os.version=5.15.0-164-generic
2026-02-09 16:03:55,375 INFO o.a.j.JMeter: file.encoding=UTF-8
2026-02-09 16:03:55,375 INFO o.a.j.JMeter: java.awt.headless=true
2026-02-09 16:03:55,376 INFO o.a.j.JMeter: Max memory     =4294967296
2026-02-09 16:03:55,376 INFO o.a.j.JMeter: Available Processors =4
2026-02-09 16:03:55,383 INFO o.a.j.JMeter: Default Locale=English (EN)
2026-02-09 16:03:55,384 INFO o.a.j.JMeter: JMeter  Locale=English (EN)
2026-02-09 16:03:55,384 INFO o.a.j.JMeter: JMeterHome=/opt/apache-jmeter-5.6.3
2026-02-09 16:03:55,384 INFO o.a.j.JMeter: user.dir  =/app/scripts
2026-02-09 16:03:55,384 INFO o.a.j.JMeter: PWD       =/app/scripts
2026-02-09 16:03:55,384 INFO o.a.j.JMeter: IP: 192.168.16.2 Name: 24fc7d72cc49 FullName: 24fc7d72cc49
2026-02-09 16:03:55,410 INFO o.a.j.JMeter: Setting property 'jmeter.reportgenerator.outputdir' to:'/app/reports/入学评测_20260209/入学评测_5_list_20260209_160340'
2026-02-09 16:03:55,415 INFO o.a.j.r.d.ReportGenerator: ReportGenerator will use for Parsing the separator: ','
2026-02-09 16:03:55,415 INFO o.a.j.r.d.ReportGenerator: Will only generate report from results file: /app/results/入学评测_5_list_20260209_160340.jtl
2026-02-09 16:03:55,415 INFO o.a.j.r.d.ReportGenerator: Reading report generator properties from: /opt/apache-jmeter-5.6.3/bin/reportgenerator.properties
2026-02-09 16:03:55,416 INFO o.a.j.r.d.ReportGenerator: Merging with JMeter properties
2026-02-09 16:03:55,420 INFO o.a.j.r.c.ReportGeneratorConfiguration: Property 'jmeter.reportgenerator.temp_dir' not found, using default value 'temp' instead.
2026-02-09 16:03:55,423 INFO o.a.j.r.c.ReportGeneratorConfiguration: Property 'jmeter.reportgenerator.apdex_per_transaction' not found, using default value 'null' instead.
2026-02-09 16:03:55,428 INFO o.a.j.r.c.ReportGeneratorConfiguration: apdex_per_transaction is empty, not APDEX per transaction customization
2026-02-09 16:03:55,428 INFO o.a.j.r.c.ReportGeneratorConfiguration: Property 'jmeter.reportgenerator.sample_filter' not found, using default value 'null' instead.
2026-02-09 16:03:55,428 INFO o.a.j.r.c.ReportGeneratorConfiguration: Property 'jmeter.reportgenerator.start_date' not found, using default value 'null' instead.
2026-02-09 16:03:55,428 INFO o.a.j.r.c.ReportGeneratorConfiguration: Property 'jmeter.reportgenerator.end_date' not found, using default value 'null' instead.
2026-02-09 16:03:55,429 INFO o.a.j.r.c.ReportGeneratorConfiguration: Property 'jmeter.reportgenerator.date_format' not found, using default value 'null' instead.
2026-02-09 16:03:55,435 INFO o.a.j.r.c.ReportGeneratorConfiguration: Will use date range start date: null, end date: null
2026-02-09 16:03:55,447 INFO o.a.j.r.c.ReportGeneratorConfiguration: Property 'jmeter.reportgenerator.graph.totalTPS.exclude_controllers' not found, using default value 'false' instead.
2026-02-09 16:03:55,448 INFO o.a.j.r.c.ReportGeneratorConfiguration: Property 'jmeter.reportgenerator.graph.activeThreadsOverTime.exclude_controllers' not found, using default value 'false' instead.
2026-02-09 16:03:55,448 INFO o.a.j.r.c.ReportGeneratorConfiguration: Property 'jmeter.reportgenerator.graph.timeVsThreads.exclude_controllers' not found, using default value 'false' instead.
2026-02-09 16:03:55,448 INFO o.a.j.r.c.ReportGeneratorConfiguration: Property 'jmeter.reportgenerator.graph.responseTimeDistribution.exclude_controllers' not found, using default value 'false' instead.
2026-02-09 16:03:55,448 INFO o.a.j.r.c.ReportGeneratorConfiguration: Property 'jmeter.reportgenerator.graph.transactionsPerSecond.exclude_controllers' not found, using default value 'false' instead.
2026-02-09 16:03:55,448 INFO o.a.j.r.c.ReportGeneratorConfiguration: Property 'jmeter.reportgenerator.graph.responseTimeOverTime.exclude_controllers' not found, using default value 'false' instead.
2026-02-09 16:03:55,448 INFO o.a.j.r.c.ReportGeneratorConfiguration: Property 'jmeter.reportgenerator.graph.responseTimeOverTime.title' not found, using default value '' instead.
2026-02-09 16:03:55,448 INFO o.a.j.r.c.ReportGeneratorConfiguration: Property 'jmeter.reportgenerator.graph.responseTimeOverTime.classname' not found, using default value '' instead.
2026-02-09 16:03:55,448 INFO o.a.j.r.c.ReportGeneratorConfiguration: Property 'jmeter.reportgenerator.graph.throughputOverTime.exclude_controllers' not found, using default value 'false' instead.
2026-02-09 16:03:55,448 INFO o.a.j.r.c.ReportGeneratorConfiguration: Property 'jmeter.reportgenerator.graph.throughputOverTime.title' not found, using default value '' instead.
2026-02-09 16:03:55,449 INFO o.a.j.r.c.ReportGeneratorConfiguration: Property 'jmeter.reportgenerator.graph.throughputOverTime.classname' not found, using default value '' instead.
2026-02-09 16:03:55,449 INFO o.a.j.r.c.ReportGeneratorConfiguration: Property 'jmeter.reportgenerator.graph.responseTimePercentiles.exclude_controllers' not found, using default value 'false' instead.
2026-02-09 16:03:55,449 INFO o.a.j.r.c.ReportGeneratorConfiguration: Property 'jmeter.reportgenerator.graph.responseTimePercentilesOverTime.exclude_controllers' not found, using default value 'false' instead.
2026-02-09 16:03:55,449 INFO o.a.j.r.c.ReportGeneratorConfiguration: Property 'jmeter.reportgenerator.graph.responseTimesOverTime.exclude_controllers' not found, using default value 'false' instead.
2026-02-09 16:03:55,449 INFO o.a.j.r.c.ReportGeneratorConfiguration: Property 'jmeter.reportgenerator.graph.responseCodesOverTime.exclude_controllers' not found, using default value 'false' instead.
2026-02-09 16:03:55,449 INFO o.a.j.r.c.ReportGeneratorConfiguration: Property 'jmeter.reportgenerator.graph.responseCodesOverTime.title' not found, using default value '' instead.
2026-02-09 16:03:55,449 INFO o.a.j.r.c.ReportGeneratorConfiguration: Property 'jmeter.reportgenerator.graph.responseCodesOverTime.classname' not found, using default value '' instead.
2026-02-09 16:03:55,450 INFO o.a.j.r.c.ReportGeneratorConfiguration: Property 'jmeter.reportgenerator.graph.connectTimeOverTime.exclude_controllers' not found, using default value 'false' instead.
2026-02-09 16:03:55,450 INFO o.a.j.r.c.ReportGeneratorConfiguration: Property 'jmeter.reportgenerator.graph.latenciesOverTime.exclude_controllers' not found, using default value 'false' instead.
2026-02-09 16:03:55,451 INFO o.a.j.r.c.ReportGeneratorConfiguration: Property 'jmeter.reportgenerator.exporter.json.filters_only_sample_series' not found, using default value 'true' instead.
2026-02-09 16:03:55,451 INFO o.a.j.r.c.ReportGeneratorConfiguration: Property 'jmeter.reportgenerator.exporter.json.series_filter' not found, using default value '' instead.
2026-02-09 16:03:55,451 INFO o.a.j.r.c.ReportGeneratorConfiguration: Property 'jmeter.reportgenerator.exporter.json.show_controllers_only' not found, using default value 'false' instead.
2026-02-09 16:03:55,452 INFO o.a.j.r.c.ReportGeneratorConfiguration: Property 'jmeter.reportgenerator.exporter.html.filters_only_sample_series' not found, using default value 'true' instead.
2026-02-09 16:03:55,452 INFO o.a.j.r.c.ReportGeneratorConfiguration: Property 'jmeter.reportgenerator.exporter.html.series_filter' not found, using default value '' instead.
2026-02-09 16:03:55,657 INFO o.a.j.s.SaveService: Testplan (JMX) version: 2.2. Testlog (JTL) version: 2.2
2026-02-09 16:03:55,680 INFO o.a.j.s.SaveService: Using SaveService properties version 5.0
2026-02-09 16:03:55,685 INFO o.a.j.s.SaveService: Using SaveService properties file encoding UTF-8
2026-02-09 16:03:55,720 INFO o.a.j.r.p.NormalizerSampleConsumer: Using format, 'yyyy/MM/dd HH:mm:ss', to parse timeStamp field
2026-02-09 16:03:55,743 WARN o.a.j.r.d.ReportGenerator: Unable to add class: as consumer for HTML report generation, check class name or that the plugin that contains it is on classpath
java.lang.ClassNotFoundException: 
	at java.lang.Class.forName0(Native Method) ~[?:?]
	at java.lang.Class.forName(Class.java:315) ~[?:?]
	at org.apache.jmeter.report.dashboard.ReportGenerator.addGraphConsumer(ReportGenerator.java:336) ~[ApacheJMeter_core.jar:5.6.3]
	at org.apache.jmeter.report.dashboard.ReportGenerator.generate(ReportGenerator.java:238) ~[ApacheJMeter_core.jar:5.6.3]
	at org.apache.jmeter.JMeter.start(JMeter.java:485) ~[ApacheJMeter_core.jar:5.6.3]
	at jdk.internal.reflect.NativeMethodAccessorImpl.invoke0(Native Method) ~[?:?]
	at jdk.internal.reflect.NativeMethodAccessorImpl.invoke(NativeMethodAccessorImpl.java:62) ~[?:?]
	at jdk.internal.reflect.DelegatingMethodAccessorImpl.invoke(DelegatingMethodAccessorImpl.java:43) ~[?:?]
	at java.lang.reflect.Method.invoke(Method.java:566) ~[?:?]
	at org.apache.jmeter.NewDriver.main(NewDriver.java:259) ~[ApacheJMeter.jar:5.6.3]
2026-02-09 16:03:55,753 WARN o.a.j.r.d.ReportGenerator: Unable to add class: as consumer for HTML report generation, check class name or that the plugin that contains it is on classpath
java.lang.ClassNotFoundException: 
	at java.lang.Class.forName0(Native Method) ~[?:?]
	at java.lang.Class.forName(Class.java:315) ~[?:?]
	at org.apache.jmeter.report.dashboard.ReportGenerator.addGraphConsumer(ReportGenerator.java:336) ~[ApacheJMeter_core.jar:5.6.3]
	at org.apache.jmeter.report.dashboard.ReportGenerator.generate(ReportGenerator.java:238) ~[ApacheJMeter_core.jar:5.6.3]
	at org.apache.jmeter.JMeter.start(JMeter.java:485) ~[ApacheJMeter_core.jar:5.6.3]
	at jdk.internal.reflect.NativeMethodAccessorImpl.invoke0(Native Method) ~[?:?]
	at jdk.internal.reflect.NativeMethodAccessorImpl.invoke(NativeMethodAccessorImpl.java:62) ~[?:?]
	at jdk.internal.reflect.DelegatingMethodAccessorImpl.invoke(DelegatingMethodAccessorImpl.java:43) ~[?:?]
	at java.lang.reflect.Method.invoke(Method.java:566) ~[?:?]
	at org.apache.jmeter.NewDriver.main(NewDriver.java:259) ~[ApacheJMeter.jar:5.6.3]
2026-02-09 16:03:55,764 WARN o.a.j.r.d.ReportGenerator: Unable to add class: as consumer for HTML report generation, check class name or that the plugin that contains it is on classpath
java.lang.ClassNotFoundException: 
	at java.lang.Class.forName0(Native Method) ~[?:?]
	at java.lang.Class.forName(Class.java:315) ~[?:?]
	at org.apache.jmeter.report.dashboard.ReportGenerator.addGraphConsumer(ReportGenerator.java:336) ~[ApacheJMeter_core.jar:5.6.3]
	at org.apache.jmeter.report.dashboard.ReportGenerator.generate(ReportGenerator.java:238) ~[ApacheJMeter_core.jar:5.6.3]
	at org.apache.jmeter.JMeter.start(JMeter.java:485) ~[ApacheJMeter_core.jar:5.6.3]
	at jdk.internal.reflect.NativeMethodAccessorImpl.invoke0(Native Method) ~[?:?]
	at jdk.internal.reflect.NativeMethodAccessorImpl.invoke(NativeMethodAccessorImpl.java:62) ~[?:?]
	at jdk.internal.reflect.DelegatingMethodAccessorImpl.invoke(DelegatingMethodAccessorImpl.java:43) ~[?:?]
	at java.lang.reflect.Method.invoke(Method.java:566) ~[?:?]
	at org.apache.jmeter.NewDriver.main(NewDriver.java:259) ~[ApacheJMeter.jar:5.6.3]
2026-02-09 16:03:55,889 INFO o.a.j.r.p.AbstractSampleConsumer: class org.apache.jmeter.report.processor.AggregateConsumer#stopProducing(): beginDate produced 0 samples
2026-02-09 16:03:55,889 INFO o.a.j.r.p.AbstractSampleConsumer: class org.apache.jmeter.report.processor.AggregateConsumer#stopProducing(): endDate produced 0 samples
2026-02-09 16:03:55,891 INFO o.a.j.r.p.AbstractSampleConsumer: class org.apache.jmeter.report.processor.ApdexSummaryConsumer#stopProducing(): apdexSummary produced 0 samples
2026-02-09 16:03:55,891 INFO o.a.j.r.p.AbstractSampleConsumer: class org.apache.jmeter.report.processor.RequestsSummaryConsumer#stopProducing(): requestsSummary produced 0 samples
2026-02-09 16:03:55,896 INFO o.a.j.r.p.AbstractSampleConsumer: class org.apache.jmeter.report.processor.StatisticsSummaryConsumer#stopProducing(): statisticsSummary produced 0 samples
2026-02-09 16:03:55,899 INFO o.a.j.r.p.AbstractSampleConsumer: class org.apache.jmeter.report.processor.Top5ErrorsBySamplerConsumer#stopProducing(): top5ErrorsBySampler produced 0 samples
2026-02-09 16:03:55,900 INFO o.a.j.r.p.AbstractSampleConsumer: class org.apache.jmeter.report.processor.ErrorsSummaryConsumer#stopProducing(): errorsSummary produced 0 samples
2026-02-09 16:03:55,900 INFO o.a.j.r.p.AbstractSampleConsumer: class org.apache.jmeter.report.processor.graph.impl.HitsPerSecondGraphConsumer#stopProducing(): hitsPerSecond produced 0 samples
2026-02-09 16:03:55,919 INFO o.a.j.r.p.AbstractSampleConsumer: class org.apache.jmeter.report.processor.graph.impl.LatencyVSRequestGraphConsumer#stopProducing(): latencyVsRequest produced 0 samples
2026-02-09 16:03:55,919 INFO o.a.j.r.p.AbstractSampleConsumer: class org.apache.jmeter.report.processor.graph.impl.SyntheticResponseTimeDistributionGraphConsumer#stopProducing(): syntheticResponseTimeDistribution produced 0 samples
2026-02-09 16:03:55,919 INFO o.a.j.r.p.AbstractSampleConsumer: class org.apache.jmeter.report.processor.graph.impl.BytesThroughputGraphConsumer#stopProducing(): bytesThroughputOverTime produced 0 samples
2026-02-09 16:03:55,920 INFO o.a.j.r.p.AbstractSampleConsumer: class org.apache.jmeter.report.processor.graph.impl.CodesPerSecondGraphConsumer#stopProducing(): codesPerSecond produced 0 samples
2026-02-09 16:03:55,949 INFO o.a.j.r.p.AbstractSampleConsumer: class org.apache.jmeter.report.processor.graph.impl.ResponseTimeVSRequestGraphConsumer#stopProducing(): responseTimeVsRequest produced 0 samples
2026-02-09 16:03:55,949 INFO o.a.j.r.p.AbstractSampleConsumer: class org.apache.jmeter.report.processor.FilterConsumer#stopProducing(): startIntervalControlerFilter produced 6223 samples
2026-02-09 16:03:55,950 INFO o.a.j.r.p.AbstractSampleConsumer: class org.apache.jmeter.report.processor.graph.impl.TotalTPSGraphConsumer#stopProducing(): totalTPS produced 0 samples
2026-02-09 16:03:55,950 INFO o.a.j.r.p.AbstractSampleConsumer: class org.apache.jmeter.report.processor.graph.impl.ActiveThreadsGraphConsumer#stopProducing(): activeThreadsOverTime produced 0 samples
2026-02-09 16:03:55,950 INFO o.a.j.r.p.AbstractSampleConsumer: class org.apache.jmeter.report.processor.graph.impl.TimeVSThreadGraphConsumer#stopProducing(): timeVsThreads produced 0 samples
2026-02-09 16:03:55,950 INFO o.a.j.r.p.AbstractSampleConsumer: class org.apache.jmeter.report.processor.graph.impl.ResponseTimeDistributionGraphConsumer#stopProducing(): responseTimeDistribution produced 0 samples
2026-02-09 16:03:55,951 INFO o.a.j.r.p.AbstractSampleConsumer: class org.apache.jmeter.report.processor.graph.impl.TransactionsPerSecondGraphConsumer#stopProducing(): transactionsPerSecond produced 0 samples
2026-02-09 16:03:55,951 INFO o.a.j.r.p.AbstractSampleConsumer: class org.apache.jmeter.report.processor.graph.impl.ResponseTimePercentilesGraphConsumer#stopProducing(): responseTimePercentiles produced 0 samples
2026-02-09 16:03:55,954 INFO o.a.j.r.p.AbstractSampleConsumer: class org.apache.jmeter.report.processor.graph.impl.ResponseTimePercentilesOverTimeGraphConsumer#stopProducing(): responseTimePercentilesOverTime produced 0 samples
2026-02-09 16:03:55,954 INFO o.a.j.r.p.AbstractSampleConsumer: class org.apache.jmeter.report.processor.graph.impl.ResponseTimeOverTimeGraphConsumer#stopProducing(): responseTimesOverTime produced 0 samples
2026-02-09 16:03:55,954 INFO o.a.j.r.p.AbstractSampleConsumer: class org.apache.jmeter.report.processor.graph.impl.ConnectTimeOverTimeGraphConsumer#stopProducing(): connectTimeOverTime produced 0 samples
2026-02-09 16:03:55,954 INFO o.a.j.r.p.AbstractSampleConsumer: class org.apache.jmeter.report.processor.graph.impl.LatencyOverTimeGraphConsumer#stopProducing(): latenciesOverTime produced 0 samples
2026-02-09 16:03:55,955 INFO o.a.j.r.p.AbstractSampleConsumer: class org.apache.jmeter.report.processor.FilterConsumer#stopProducing(): nameFilter produced 13335 samples
2026-02-09 16:03:55,955 INFO o.a.j.r.p.AbstractSampleConsumer: class org.apache.jmeter.report.processor.FilterConsumer#stopProducing(): dateRangeFilter produced 2667 samples
2026-02-09 16:03:55,955 INFO o.a.j.r.p.AbstractSampleConsumer: class org.apache.jmeter.report.processor.NormalizerSampleConsumer#stopProducing(): normalizer produced 889 samples
2026-02-09 16:03:55,955 INFO o.a.j.r.p.CsvFileSampleSource: produce(): 889 samples produced in 188ms on channel 0
2026-02-09 16:03:55,956 INFO o.a.j.r.d.ReportGenerator: Exporting data using exporter:'json' of className:'org.apache.jmeter.report.dashboard.JsonExporter'
2026-02-09 16:03:56,084 INFO o.a.j.r.d.JsonExporter: Found data for consumer statisticsSummary in context
2026-02-09 16:03:56,084 INFO o.a.j.r.d.JsonExporter: Creating statistics for overall
2026-02-09 16:03:56,085 INFO o.a.j.r.d.JsonExporter: Creating statistics for other transactions
2026-02-09 16:03:56,085 INFO o.a.j.r.d.JsonExporter: Checking output folder
2026-02-09 16:03:56,086 INFO o.a.j.r.d.JsonExporter: Writing statistics JSON to /app/reports/入学评测_20260209/入学评测_5_list_20260209_160340/statistics.json
2026-02-09 16:03:56,138 INFO o.a.j.r.d.ReportGenerator: Exporting data using exporter:'html' of className:'org.apache.jmeter.report.dashboard.HtmlTemplateExporter'
2026-02-09 16:03:56,141 INFO o.a.j.r.d.HtmlTemplateExporter: Will generate dashboard in folder: /app/reports/入学评测_20260209/入学评测_5_list_20260209_160340
2026-02-09 16:03:56,279 INFO o.a.j.r.d.HtmlTemplateExporter: Report will be generated in: /app/reports/入学评测_20260209/入学评测_5_list_20260209_160340, creating folder structure
2026-02-09 16:03:56,282 INFO o.a.j.r.d.TemplateVisitor: Copying folder from '/opt/apache-jmeter-5.6.3/bin/report-template' to '/app/reports/入学评测_20260209/入学评测_5_list_20260209_160340', got message: /app/reports/入学评测_20260209/入学评测_5_list_20260209_160340, found non empty folder with following content [/app/reports/入学评测_20260209/入学评测_5_list_20260209_160340/statistics.json], will be ignored
